#
# A fatal error has been detected by the Java Runtime Environment:
#
#  SIGSEGV (0xb) at pc=0xac8c7d71, pid=3355, tid=3076327104
#
# JRE version: 6.0_27-b27
# Java VM: OpenJDK Client VM (20.0-b12 mixed mode, sharing linux-x86 )
# Derivative: IcedTea6 1.12.6
# Distribution: Ubuntu 12.04 LTS, package 6b27-1.12.6-1ubuntu0.12.04.4
# Problematic frame:
# C  [libwebkitgtk-1.0.so.0+0x19ed71]  webkitWebViewRegisterForIconNotification+0xe1
#
# If you would like to submit a bug report, please include
# instructions how to reproduce the bug and visit:
#   https://bugs.launchpad.net/ubuntu/+source/openjdk-6/
# The crash happened outside the Java Virtual Machine in native code.
# See problematic frame for where to report the bug.
#

---------------  T H R E A D  ---------------

Current thread (0x08bcb800):  JavaThread "main" [_thread_in_native, id=3355, stack(0xbff0e000,0xbff5e000)]

siginfo:si_signo=SIGSEGV: si_errno=0, si_code=1 (SEGV_MAPERR), si_addr=0x2cb1acef

Registers:
EAX=0x00000000, EBX=0xadc8bff4, ECX=0x00000003, EDX=0x2cb1acef
ESP=0xbff5ab9c, EBP=0x08bc3c38, ESI=0x08f0fcf0, EDI=0x00000003
EIP=0xac8c7d71, EFLAGS=0x00210202, CR2=0x2cb1acef

Top of Stack: (sp=0xbff5ab9c)
0xbff5ab9c:   ac89e07a 090c8460 b72ee416 b735fff4
0xbff5abac:   b7789cbf adc8bff4 09096558 00000003
0xbff5abbc:   ac89e10b 08f0fcf0 00000002 00000000
0xbff5abcc:   b778ac39 0000000f ac89e0f6 b735fff4
0xbff5abdc:   b72afa3f 08f0fcf0 09096558 00000003
0xbff5abec:   b72ee430 08b657f8 00000000 b778e9f2
0xbff5abfc:   b735fff4 09096558 00000003 08bc3c38
0xbff5ac0c:   b72aed46 09096558 ac89e0f0 08f0fcf0 

Instructions: (pc=0xac8c7d71)
0xac8c7d51:   eb 8a 8d b6 00 00 00 00 8d bc 27 00 00 00 00 8b
0xac8c7d61:   44 24 04 85 c0 74 10 8b 50 44 31 c0 85 d2 74 0f
0xac8c7d71:   8b 02 c3 8d 74 26 00 31 c0 8d b6 00 00 00 00 f3
0xac8c7d81:   c3 8d b4 26 00 00 00 00 8d bc 27 00 00 00 00 56 

Register to memory mapping:

EAX=0x00000000 is an unknown value
EBX=0xadc8bff4: <offset 0x1562ff4> in /usr/lib/libwebkitgtk-1.0.so.0 at 0xac729000
ECX=0x00000003 is an unknown value
EDX=0x2cb1acef is an unknown value
ESP=0xbff5ab9c is pointing into the stack for thread: 0x08bcb800
EBP=0x08bc3c38 is an unknown value
ESI=0x08f0fcf0 is an unknown value
EDI=0x00000003 is an unknown value


Stack: [0xbff0e000,0xbff5e000],  sp=0xbff5ab9c,  free space=306k
Native frames: (J=compiled Java code, j=interpreted, Vv=VM code, C=native code)
C  [libwebkitgtk-1.0.so.0+0x19ed71]  webkitWebViewRegisterForIconNotification+0xe1

Java frames: (J=compiled Java code, j=interpreted, Vv=VM code)
J  org.eclipse.swt.internal.gtk.OS._g_main_context_iteration(IZ)Z
J  org.eclipse.swt.internal.gtk.OS.g_main_context_iteration(IZ)Z
j  org.eclipse.swt.widgets.Display.readAndDispatch()Z+36
j  org.eclipse.ui.internal.Workbench.runEventLoop(Lorg/eclipse/jface/window/Window$IExceptionHandler;Lorg/eclipse/swt/widgets/Display;)V+9
j  org.eclipse.ui.internal.Workbench.runUI()I+555
j  org.eclipse.ui.internal.Workbench.access$4(Lorg/eclipse/ui/internal/Workbench;)I+1
j  org.eclipse.ui.internal.Workbench$7.run()V+73
j  org.eclipse.core.databinding.observable.Realm.runWithDefault(Lorg/eclipse/core/databinding/observable/Realm;Ljava/lang/Runnable;)V+12
j  org.eclipse.ui.internal.Workbench.createAndRunWorkbench(Lorg/eclipse/swt/widgets/Display;Lorg/eclipse/ui/application/WorkbenchAdvisor;)I+18
j  org.eclipse.ui.PlatformUI.createAndRunWorkbench(Lorg/eclipse/swt/widgets/Display;Lorg/eclipse/ui/application/WorkbenchAdvisor;)I+2
j  org.eclipse.ui.internal.ide.application.IDEApplication.start(Lorg/eclipse/equinox/app/IApplicationContext;)Ljava/lang/Object;+108
j  org.eclipse.equinox.internal.app.EclipseAppHandle.run(Ljava/lang/Object;)Ljava/lang/Object;+135
j  org.eclipse.core.runtime.internal.adaptor.EclipseAppLauncher.runApplication(Ljava/lang/Object;)Ljava/lang/Object;+103
j  org.eclipse.core.runtime.internal.adaptor.EclipseAppLauncher.start(Ljava/lang/Object;)Ljava/lang/Object;+29
j  org.eclipse.core.runtime.adaptor.EclipseStarter.run(Ljava/lang/Object;)Ljava/lang/Object;+149
j  org.eclipse.core.runtime.adaptor.EclipseStarter.run([Ljava/lang/String;Ljava/lang/Runnable;)Ljava/lang/Object;+183
v  ~StubRoutines::call_stub
j  sun.reflect.NativeMethodAccessorImpl.invoke0(Ljava/lang/reflect/Method;Ljava/lang/Object;[Ljava/lang/Object;)Ljava/lang/Object;+0
j  sun.reflect.NativeMethodAccessorImpl.invoke(Ljava/lang/Object;[Ljava/lang/Object;)Ljava/lang/Object;+87
j  sun.reflect.DelegatingMethodAccessorImpl.invoke(Ljava/lang/Object;[Ljava/lang/Object;)Ljava/lang/Object;+6
j  java.lang.reflect.Method.invoke(Ljava/lang/Object;[Ljava/lang/Object;)Ljava/lang/Object;+161
j  org.eclipse.equinox.launcher.Main.invokeFramework([Ljava/lang/String;[Ljava/net/URL;)V+211
j  org.eclipse.equinox.launcher.Main.basicRun([Ljava/lang/String;)V+126
j  org.eclipse.equinox.launcher.Main.run([Ljava/lang/String;)I+4
v  ~StubRoutines::call_stub

---------------  P R O C E S S  ---------------

Java Threads: ( => current thread )
  0xb1c10800 JavaThread "Worker-7" [_thread_blocked, id=3413, stack(0xa5453000,0xa54a4000)]
  0xb1bc5000 JavaThread "Worker-6" [_thread_blocked, id=3412, stack(0xa54a4000,0xa54f5000)]
  0x09102800 JavaThread "Worker-5" [_thread_blocked, id=3411, stack(0xa54f5000,0xa5546000)]
  0x08efcc00 JavaThread "Worker-4" [_thread_blocked, id=3410, stack(0xa591e000,0xa596f000)]
  0xb5208000 JavaThread "Worker-3" [_thread_blocked, id=3409, stack(0xa596f000,0xa59c0000)]
  0xb1c04000 JavaThread "Worker-2" [_thread_blocked, id=3408, stack(0xadeaf000,0xadf00000)]
  0xb5204400 JavaThread "Worker-1" [_thread_blocked, id=3407, stack(0xae03b000,0xae08c000)]
  0x08fb7c00 JavaThread "Java indexing" daemon [_thread_blocked, id=3395, stack(0xadd3b000,0xadd8c000)]
  0x08d90c00 JavaThread "Worker-0" [_thread_blocked, id=3391, stack(0xb1937000,0xb1988000)]
  0xb1f38000 JavaThread "Worker-JM" [_thread_blocked, id=3386, stack(0xb188e000,0xb18df000)]
  0xb1f10800 JavaThread "[Timer] - Main Queue Handler" daemon [_thread_blocked, id=3385, stack(0xb18e6000,0xb1937000)]
  0xb1f1ec00 JavaThread "Framework Event Dispatcher" daemon [_thread_blocked, id=3383, stack(0xb198c000,0xb19dd000)]
  0x08c74800 JavaThread "Start Level Event Dispatcher" daemon [_thread_blocked, id=3382, stack(0xb19dd000,0xb1a2e000)]
  0x08c65000 JavaThread "State Data Manager" daemon [_thread_blocked, id=3381, stack(0xb1a2e000,0xb1a7f000)]
  0x08c61800 JavaThread "Framework Active Thread" [_thread_blocked, id=3380, stack(0xb1d03000,0xb1d54000)]
  0x08c02400 JavaThread "Low Memory Detector" daemon [_thread_blocked, id=3378, stack(0xb200d000,0xb205e000)]
  0x08c00400 JavaThread "C1 CompilerThread0" daemon [_thread_blocked, id=3377, stack(0xb1d7f000,0xb1e00000)]
  0x08bfe800 JavaThread "Signal Dispatcher" daemon [_thread_blocked, id=3376, stack(0xb205e000,0xb20af000)]
  0x08bfb000 JavaThread "Finalizer" daemon [_thread_blocked, id=3375, stack(0xb20af000,0xb2100000)]
  0x08bf9800 JavaThread "Reference Handler" daemon [_thread_blocked, id=3374, stack(0xb2215000,0xb2266000)]
=>0x08bcb800 JavaThread "main" [_thread_in_native, id=3355, stack(0xbff0e000,0xbff5e000)]

Other Threads:
  0x08bf7c00 VMThread [stack: 0xb2266000,0xb22e7000] [id=3373]
  0x08c04800 WatcherThread [stack: 0xb1a7f000,0xb1b00000] [id=3379]

VM state:not at safepoint (normal execution)

VM Mutex/Monitor currently owned by a thread: None

Heap
 def new generation   total 12352K, used 10674K [0x6aa80000, 0x6b7e0000, 0x72a80000)
  eden space 11008K,  96% used [0x6aa80000, 0x6b4ecb10, 0x6b540000)
  from space 1344K,   0% used [0x6b540000, 0x6b540000, 0x6b690000)
  to   space 1344K,   0% used [0x6b690000, 0x6b690000, 0x6b7e0000)
 tenured generation   total 27328K, used 10169K [0x72a80000, 0x74530000, 0x82a80000)
   the space 27328K,  37% used [0x72a80000, 0x7346e6a8, 0x7346e800, 0x74530000)
 compacting perm gen  total 27648K, used 27396K [0x82a80000, 0x84580000, 0x92a80000)
   the space 27648K,  99% used [0x82a80000, 0x845413a8, 0x84541400, 0x84580000)
    ro space 10240K,  74% used [0x92a80000, 0x931e8b40, 0x931e8c00, 0x93480000)
    rw space 12288K,  60% used [0x93480000, 0x93bcee48, 0x93bcf000, 0x94080000)

Code Cache  [0xb2783000, 0xb29cb000, 0xb4783000)
 total_blobs=1035 nmethods=859 adapters=111 free_code_cache=31172480 largest_free_block=320

Dynamic libraries:
08048000-0804c000 r-xp 00000000 08:01 409523     /usr/lib/eclipse/eclipse
0804c000-0804d000 r--p 00003000 08:01 409523     /usr/lib/eclipse/eclipse
0804d000-0804e000 rw-p 00004000 08:01 409523     /usr/lib/eclipse/eclipse
08b41000-091c0000 rw-p 00000000 00:00 0          [heap]
6aa80000-6b7e0000 rw-p 00000000 00:00 0 
6b7e0000-72a80000 rw-p 00000000 00:00 0 
72a80000-74530000 rw-p 00000000 00:00 0 
74530000-82a80000 rw-p 00000000 00:00 0 
82a80000-84580000 rw-p 00000000 00:00 0 
84580000-92a80000 rw-p 00000000 00:00 0 
92a80000-931e9000 r--s 00001000 08:01 1338721    /usr/lib/jvm/java-6-openjdk-i386/jre/lib/i386/client/classes.jsa
931e9000-93480000 rw-p 00000000 00:00 0 
93480000-93bcf000 rw-p 0076a000 08:01 1338721    /usr/lib/jvm/java-6-openjdk-i386/jre/lib/i386/client/classes.jsa
93bcf000-94080000 rw-p 00000000 00:00 0 
94080000-9417d000 rw-p 00eb9000 08:01 1338721    /usr/lib/jvm/java-6-openjdk-i386/jre/lib/i386/client/classes.jsa
9417d000-94480000 rw-p 00000000 00:00 0 
94480000-94488000 r-xs 00fb6000 08:01 1338721    /usr/lib/jvm/java-6-openjdk-i386/jre/lib/i386/client/classes.jsa
94488000-94880000 rw-p 00000000 00:00 0 
a5453000-a5456000 ---p 00000000 00:00 0 
a5456000-a54a4000 rw-p 00000000 00:00 0          [stack:3413]
a54a4000-a54a7000 ---p 00000000 00:00 0 
a54a7000-a54f5000 rw-p 00000000 00:00 0          [stack:3412]
a54f5000-a54f8000 ---p 00000000 00:00 0 
a54f8000-a5800000 rw-p 00000000 00:00 0          [stack:3411]
a5800000-a584a000 rw-p 00000000 00:00 0 
a584a000-a5900000 ---p 00000000 00:00 0 
a5916000-a591a000 r--s 00028000 08:01 2233062    /usr/share/eclipse/plugins/org.eclipse.equinox.p2.engine_2.1.1.dist.jar
a591a000-a591c000 r--s 0000b000 08:01 2233066    /usr/share/eclipse/plugins/org.eclipse.equinox.p2.operations_2.1.1.dist.jar
a591c000-a591e000 r--s 0000b000 08:01 2233074    /usr/share/eclipse/plugins/org.eclipse.equinox.p2.ui.sdk.scheduler_1.0.100.dist.jar
a591e000-a5921000 ---p 00000000 00:00 0 
a5921000-a596f000 rw-p 00000000 00:00 0          [stack:3410]
a596f000-a5972000 ---p 00000000 00:00 0 
a5972000-a59c0000 rw-p 00000000 00:00 0          [stack:3409]
a59c0000-a59c2000 r--s 00009000 08:01 2233108    /usr/share/eclipse/plugins/org.eclipse.ui.net_1.2.100.dist.jar
a59c2000-a59c4000 r--s 00013000 08:01 409955     /usr/lib/jvm/java-6-openjdk-common/jre/lib/jce.jar
a59c4000-a59c7000 r--s 00016000 08:01 2233080    /usr/share/eclipse/plugins/org.eclipse.equinox.security_1.1.1.dist.jar
a59c7000-a59c8000 r--s 0000b000 08:01 536089     /usr/lib/eclipse/plugins/org.eclipse.core.net.linux.x86_1.1.200.dist.jar
a59c8000-a59ca000 r--s 0000e000 08:01 2233027    /usr/share/eclipse/plugins/org.eclipse.core.net_1.2.100.dist.jar
a59ca000-a59e9000 rw-p 00000000 00:00 0 
a59e9000-a5a99000 r--p 00000000 08:01 1180425    /usr/share/fonts/truetype/ttf-dejavu/DejaVuSans.ttf
a629a000-a629b000 ---p 00000000 00:00 0 
a629b000-a6a9b000 rw-p 00000000 00:00 0          [stack:3405]
a729c000-a73bc000 rw-p 00000000 00:00 0 
a73bc000-a73bd000 ---p 00000000 00:00 0 
a73bd000-a7bbd000 rw-p 00000000 00:00 0 
a7bbd000-a7bbe000 ---p 00000000 00:00 0 
a7bbe000-a83be000 rw-p 00000000 00:00 0 
a83be000-a83bf000 rw-p 00000000 00:00 0 
a8bc0000-a8bc1000 ---p 00000000 00:00 0 
a8bc1000-a93c1000 rw-p 00000000 00:00 0 
a93c1000-a93c2000 ---p 00000000 00:00 0 
a93c2000-a9bc2000 rw-p 00000000 00:00 0 
a9bc2000-a9bc6000 rwxp 00000000 00:00 0 
a9bc6000-a9bcc000 r--s 00042000 08:01 2233103    /usr/share/eclipse/plugins/org.eclipse.ui.forms_3.5.101.dist.jar
a9beb000-a9ca5000 rw-p 00000000 00:00 0 
a9ca5000-a9ca9000 rwxp 00000000 00:00 0 
a9ca9000-aa0e7000 rw-p 00000000 00:00 0 
aa0e7000-aa0e8000 ---p 00000000 00:00 0 
aa0e8000-aa8e8000 rw-p 00000000 00:00 0          [stack:3398]
aa8e8000-aa8ea000 rw-p 00000000 00:00 0 
aa8ea000-aa8ee000 r-xp 00000000 08:01 398706     /usr/lib/i386-linux-gnu/gio/modules/libgiognomeproxy.so
aa8ee000-aa8ef000 r--p 00003000 08:01 398706     /usr/lib/i386-linux-gnu/gio/modules/libgiognomeproxy.so
aa8ef000-aa8f0000 rw-p 00004000 08:01 398706     /usr/lib/i386-linux-gnu/gio/modules/libgiognomeproxy.so
aa8f0000-aaa11000 rw-p 00000000 00:00 0 
aaa11000-aaa15000 r-xp 00000000 08:01 3277805    /lib/i386-linux-gnu/libuuid.so.1.3.0
aaa15000-aaa16000 r--p 00003000 08:01 3277805    /lib/i386-linux-gnu/libuuid.so.1.3.0
aaa16000-aaa17000 rw-p 00004000 08:01 3277805    /lib/i386-linux-gnu/libuuid.so.1.3.0
aaa17000-aaa2d000 r-xp 00000000 08:01 397703     /usr/lib/i386-linux-gnu/libICE.so.6.3.0
aaa2d000-aaa2e000 r--p 00015000 08:01 397703     /usr/lib/i386-linux-gnu/libICE.so.6.3.0
aaa2e000-aaa2f000 rw-p 00016000 08:01 397703     /usr/lib/i386-linux-gnu/libICE.so.6.3.0
aaa2f000-aaa31000 rw-p 00000000 00:00 0 
aaa31000-aaa38000 r-xp 00000000 08:01 397744     /usr/lib/i386-linux-gnu/libSM.so.6.0.1
aaa38000-aaa39000 r--p 00006000 08:01 397744     /usr/lib/i386-linux-gnu/libSM.so.6.0.1
aaa39000-aaa3a000 rw-p 00007000 08:01 397744     /usr/lib/i386-linux-gnu/libSM.so.6.0.1
aaa3a000-abba9000 r-xp 00000000 08:01 393719     /usr/lib/libicudata.so.48.1.1
abba9000-abbaa000 r--p 0116e000 08:01 393719     /usr/lib/libicudata.so.48.1.1
abbaa000-abbab000 rw-p 0116f000 08:01 393719     /usr/lib/libicudata.so.48.1.1
abbab000-abc36000 r-xp 00000000 08:01 398178     /usr/lib/i386-linux-gnu/liborc-0.4.so.0.16.0
abc36000-abc37000 r--p 0008a000 08:01 398178     /usr/lib/i386-linux-gnu/liborc-0.4.so.0.16.0
abc37000-abc3b000 rw-p 0008b000 08:01 398178     /usr/lib/i386-linux-gnu/liborc-0.4.so.0.16.0
abc3b000-abc5f000 r-xp 00000000 08:01 397895     /usr/lib/i386-linux-gnu/libdbus-glib-1.so.2.2.2
abc5f000-abc60000 r--p 00023000 08:01 397895     /usr/lib/i386-linux-gnu/libdbus-glib-1.so.2.2.2
abc60000-abc61000 rw-p 00024000 08:01 397895     /usr/lib/i386-linux-gnu/libdbus-glib-1.so.2.2.2
abc61000-abcb9000 r-xp 00000000 08:01 397787     /usr/lib/i386-linux-gnu/libXt.so.6.0.0
abcb9000-abcba000 r--p 00057000 08:01 397787     /usr/lib/i386-linux-gnu/libXt.so.6.0.0
abcba000-abcbd000 rw-p 00058000 08:01 397787     /usr/lib/i386-linux-gnu/libXt.so.6.0.0
abcbd000-abe12000 r-xp 00000000 08:01 393717     /usr/lib/libicuuc.so.48.1.1
abe12000-abe1c000 r--p 00155000 08:01 393717     /usr/lib/libicuuc.so.48.1.1
abe1c000-abe1d000 rw-p 0015f000 08:01 393717     /usr/lib/libicuuc.so.48.1.1
abe1d000-abe21000 rw-p 00000000 00:00 0 
abe21000-abfef000 r-xp 00000000 08:01 393718     /usr/lib/libicui18n.so.48.1.1
abfef000-abff5000 r--p 001ce000 08:01 393718     /usr/lib/libicui18n.so.48.1.1
abff5000-abff6000 rw-p 001d4000 08:01 393718     /usr/lib/libicui18n.so.48.1.1
abff6000-abff7000 rw-p 00000000 00:00 0 
abff7000-ac099000 r-xp 00000000 08:01 398283     /usr/lib/i386-linux-gnu/libsqlite3.so.0.8.6
ac099000-ac09a000 r--p 000a2000 08:01 398283     /usr/lib/i386-linux-gnu/libsqlite3.so.0.8.6
ac09a000-ac09b000 rw-p 000a3000 08:01 398283     /usr/lib/i386-linux-gnu/libsqlite3.so.0.8.6
ac09b000-ac09c000 rw-p 00000000 00:00 0 
ac09c000-ac0d6000 r-xp 00000000 08:01 398363     /usr/lib/i386-linux-gnu/libxslt.so.1.1.26
ac0d6000-ac0d7000 r--p 0003a000 08:01 398363     /usr/lib/i386-linux-gnu/libxslt.so.1.1.26
ac0d7000-ac0d8000 rw-p 0003b000 08:01 398363     /usr/lib/i386-linux-gnu/libxslt.so.1.1.26
ac0d8000-ac11d000 r-xp 00000000 08:01 398106     /usr/lib/i386-linux-gnu/libjpeg.so.8.0.2
ac11d000-ac11e000 r--p 00044000 08:01 398106     /usr/lib/i386-linux-gnu/libjpeg.so.8.0.2
ac11e000-ac11f000 rw-p 00045000 08:01 398106     /usr/lib/i386-linux-gnu/libjpeg.so.8.0.2
ac11f000-ac12f000 rw-p 00000000 00:00 0 
ac12f000-ac212000 r-xp 00000000 08:01 398053     /usr/lib/i386-linux-gnu/libgstreamer-0.10.so.0.30.0
ac212000-ac215000 r--p 000e2000 08:01 398053     /usr/lib/i386-linux-gnu/libgstreamer-0.10.so.0.30.0
ac215000-ac216000 rw-p 000e5000 08:01 398053     /usr/lib/i386-linux-gnu/libgstreamer-0.10.so.0.30.0
ac216000-ac217000 rw-p 00000000 00:00 0 
ac217000-ac275000 r-xp 00000000 08:01 398029     /usr/lib/i386-linux-gnu/libgstbase-0.10.so.0.30.0
ac275000-ac276000 r--p 0005d000 08:01 398029     /usr/lib/i386-linux-gnu/libgstbase-0.10.so.0.30.0
ac276000-ac277000 rw-p 0005e000 08:01 398029     /usr/lib/i386-linux-gnu/libgstbase-0.10.so.0.30.0
ac277000-ac293000 r-xp 00000000 08:01 398065     /usr/lib/i386-linux-gnu/libgstvideo-0.10.so.0.25.0
ac293000-ac294000 r--p 0001b000 08:01 398065     /usr/lib/i386-linux-gnu/libgstvideo-0.10.so.0.25.0
ac294000-ac295000 rw-p 0001c000 08:01 398065     /usr/lib/i386-linux-gnu/libgstvideo-0.10.so.0.25.0
ac295000-ac2b5000 r-xp 00000000 08:01 398049     /usr/lib/i386-linux-gnu/libgstpbutils-0.10.so.0.25.0
ac2b5000-ac2b6000 ---p 00020000 08:01 398049     /usr/lib/i386-linux-gnu/libgstpbutils-0.10.so.0.25.0
ac2b6000-ac2b7000 r--p 00020000 08:01 398049     /usr/lib/i386-linux-gnu/libgstpbutils-0.10.so.0.25.0
ac2b7000-ac2b8000 rw-p 00021000 08:01 398049     /usr/lib/i386-linux-gnu/libgstpbutils-0.10.so.0.25.0
ac2b8000-ac2c7000 r-xp 00000000 08:01 398043     /usr/lib/i386-linux-gnu/libgstinterfaces-0.10.so.0.25.0
ac2c7000-ac2c8000 r--p 0000f000 08:01 398043     /usr/lib/i386-linux-gnu/libgstinterfaces-0.10.so.0.25.0
ac2c8000-ac2c9000 rw-p 00010000 08:01 398043     /usr/lib/i386-linux-gnu/libgstinterfaces-0.10.so.0.25.0
ac2c9000-ac2d4000 r-xp 00000000 08:01 398025     /usr/lib/i386-linux-gnu/libgstapp-0.10.so.0.25.0
ac2d4000-ac2d5000 r--p 0000a000 08:01 398025     /usr/lib/i386-linux-gnu/libgstapp-0.10.so.0.25.0
ac2d5000-ac2d6000 rw-p 0000b000 08:01 398025     /usr/lib/i386-linux-gnu/libgstapp-0.10.so.0.25.0
ac2d6000-ac2e8000 r-xp 00000000 08:01 396084     /usr/lib/libgeoclue.so.0.0.0
ac2e8000-ac2e9000 r--p 00011000 08:01 396084     /usr/lib/libgeoclue.so.0.0.0
ac2e9000-ac2ea000 rw-p 00012000 08:01 396084     /usr/lib/libgeoclue.so.0.0.0
ac2ea000-ac2f0000 r-xp 00000000 08:01 397958     /usr/lib/i386-linux-gnu/libgailutil.so.18.0.1
ac2f0000-ac2f1000 r--p 00005000 08:01 397958     /usr/lib/i386-linux-gnu/libgailutil.so.18.0.1
ac2f1000-ac2f2000 rw-p 00006000 08:01 397958     /usr/lib/i386-linux-gnu/libgailutil.so.18.0.1
ac2f2000-ac2fc000 r-xp 00000000 08:01 396036     /usr/lib/libenchant.so.1.6.0
ac2fc000-ac2fd000 r--p 00009000 08:01 396036     /usr/lib/libenchant.so.1.6.0
ac2fd000-ac2fe000 rw-p 0000a000 08:01 396036     /usr/lib/libenchant.so.1.6.0
ac2fe000-ac6a5000 r-xp 00000000 08:01 409504     /usr/lib/libjavascriptcoregtk-1.0.so.0.13.4
ac6a5000-ac6ac000 r--p 003a6000 08:01 409504     /usr/lib/libjavascriptcoregtk-1.0.so.0.13.4
ac6ac000-ac6b0000 rw-p 003ad000 08:01 409504     /usr/lib/libjavascriptcoregtk-1.0.so.0.13.4
ac6b0000-ac6c1000 rw-p 00000000 00:00 0 
ac6c1000-ac726000 r-xp 00000000 08:01 398275     /usr/lib/i386-linux-gnu/libsoup-2.4.so.1.5.0
ac726000-ac727000 r--p 00064000 08:01 398275     /usr/lib/i386-linux-gnu/libsoup-2.4.so.1.5.0
ac727000-ac728000 rw-p 00065000 08:01 398275     /usr/lib/i386-linux-gnu/libsoup-2.4.so.1.5.0
ac728000-ac729000 rw-p 00000000 00:00 0 
ac729000-adbd4000 r-xp 00000000 08:01 409509     /usr/lib/libwebkitgtk-1.0.so.0.13.4
adbd4000-adbd5000 ---p 014ab000 08:01 409509     /usr/lib/libwebkitgtk-1.0.so.0.13.4
adbd5000-adc8c000 r--p 014ab000 08:01 409509     /usr/lib/libwebkitgtk-1.0.so.0.13.4
adc8c000-adc95000 rw-p 01562000 08:01 409509     /usr/lib/libwebkitgtk-1.0.so.0.13.4
adc95000-adca4000 rw-p 00000000 00:00 0 
adca4000-adcac000 rw-p 00000000 00:00 0 
adcac000-adcb4000 r-xp 00000000 08:01 409511     /usr/lib/jni/libswt-webkit-gtk-3740.so
adcb4000-adcb5000 r--p 00007000 08:01 409511     /usr/lib/jni/libswt-webkit-gtk-3740.so
adcb5000-adcb6000 rw-p 00008000 08:01 409511     /usr/lib/jni/libswt-webkit-gtk-3740.so
adcb6000-adcbc000 r--s 00044000 08:01 2233106    /usr/share/eclipse/plugins/org.eclipse.ui.intro_3.4.100.dist.jar
adcbc000-adcbe000 r--s 00013000 08:01 2233019    /usr/share/eclipse/plugins/org.eclipse.ui.intro.universal_3.2.500.dist/universal.jar
adcbe000-adcc2000 r--s 0001c000 08:01 2233102    /usr/share/eclipse/plugins/org.eclipse.ui.externaltools_3.2.0.dist.jar
adcc2000-adccb000 r--s 00054000 08:01 2233092    /usr/share/eclipse/plugins/org.eclipse.team.core_3.6.0.dist.jar
adccb000-adcce000 r--s 00017000 08:01 2233025    /usr/share/eclipse/plugins/org.eclipse.core.filebuffers_3.5.200.dist.jar
adcce000-adcd1000 r--s 00011000 08:01 668704     /usr/lib/eclipse/dropins/jdt/plugins/org.eclipse.jdt.core.manipulation_1.4.0.dist.jar
adcd1000-adcda000 r--s 00066000 08:01 2233091    /usr/share/eclipse/plugins/org.eclipse.search_3.7.0.dist.jar
adcda000-add0c000 r--s 00233000 08:01 2233039    /usr/share/eclipse/plugins/org.eclipse.debug.ui_3.7.102.dist.jar
add0c000-add17000 r--s 0007f000 08:01 2233119    /usr/share/eclipse/plugins/org.eclipse.ui.workbench.texteditor_3.7.0.dist.jar
add17000-add1c000 r--s 00035000 08:01 2233097    /usr/share/eclipse/plugins/org.eclipse.text_3.5.101.dist.jar
add1c000-add28000 r--s 0007d000 08:01 2233101    /usr/share/eclipse/plugins/org.eclipse.ui.editors_3.7.0.dist.jar
add28000-add3b000 r--s 000d6000 08:01 2233086    /usr/share/eclipse/plugins/org.eclipse.jface.text_3.7.2.dist.jar
add3b000-add3e000 ---p 00000000 00:00 0 
add3e000-add8c000 rw-p 00000000 00:00 0          [stack:3395]
add8c000-add8d000 r--s 0000c000 08:01 668703     /usr/lib/eclipse/dropins/jdt/plugins/org.eclipse.jdt.compiler.tool_1.0.100.dist.jar
add8d000-add90000 r--s 00022000 08:01 668702     /usr/lib/eclipse/dropins/jdt/plugins/org.eclipse.jdt.compiler.apt_1.0.400.dist.jar
add90000-addb9000 r--s 00440000 08:01 534712     /usr/lib/eclipse/plugins/org.eclipse.jdt.core_3.7.3.dist.jar
addb9000-ade4e000 r--s 008ff000 08:01 668712     /usr/lib/eclipse/dropins/jdt/plugins/org.eclipse.jdt.ui_3.7.2.dist.jar
ade4e000-ade57000 r--s 00056000 08:01 536088     /usr/lib/eclipse/plugins/org.eclipse.ui.navigator_3.5.101.dist.jar
ade57000-ade63000 r-xp 00000000 08:01 409503     /usr/lib/jni/libswt-cairo-gtk-3740.so
ade63000-ade64000 r--p 0000c000 08:01 409503     /usr/lib/jni/libswt-cairo-gtk-3740.so
ade64000-ade65000 rw-p 0000d000 08:01 409503     /usr/lib/jni/libswt-cairo-gtk-3740.so
ade65000-adeaf000 r--s 003aa000 08:01 1586073    /usr/lib/eclipse/dropins/sdk/plugins/org.eclipse.pde.ui_3.6.100.dist.jar
adeaf000-adeb2000 ---p 00000000 00:00 0 
adeb2000-adf00000 rw-p 00000000 00:00 0          [stack:3408]
adf00000-adffa000 rw-p 00000000 00:00 0 
adffa000-ae000000 ---p 00000000 00:00 0 
ae000000-ae003000 r--s 00012000 08:01 2233111    /usr/share/eclipse/plugins/org.eclipse.ui.views_3.6.0.dist.jar
ae003000-ae007000 r--s 00018000 08:01 2233107    /usr/share/eclipse/plugins/org.eclipse.ui.navigator.resources_3.4.300.dist.jar
ae007000-ae00a000 rw-s 00000000 00:04 622594     /SYSV00000000 (deleted)
ae00a000-ae00c000 r--s 00008000 08:01 668713     /usr/lib/eclipse/dropins/jdt/plugins/org.eclipse.jdt_3.7.2.dist.jar
ae00c000-ae00d000 r--s 00002000 08:01 2233037    /usr/share/eclipse/plugins/org.eclipse.cvs_1.1.100.dist.jar
ae00d000-ae014000 r--s 0005b000 08:01 534705     /usr/lib/eclipse/plugins/org.eclipse.help.base_3.6.2.dist.jar
ae014000-ae016000 r--s 0000e000 08:01 1586074    /usr/lib/eclipse/dropins/sdk/plugins/org.eclipse.pde_3.7.2.dist.jar
ae016000-ae018000 r--s 00016000 08:01 529759     /usr/lib/eclipse/plugins/org.eclipse.update.configurator_3.3.100.dist.jar
ae018000-ae01d000 r--s 00038000 08:01 2233085    /usr/share/eclipse/plugins/org.eclipse.help_3.5.100.dist.jar
ae01d000-ae021000 r--s 00021000 08:01 1586064    /usr/lib/eclipse/dropins/sdk/plugins/org.eclipse.pde.runtime_3.4.201.dist.jar
ae021000-ae029000 r--s 00046000 08:01 2233099    /usr/share/eclipse/plugins/org.eclipse.ui.cheatsheets_3.4.100.dist.jar
ae029000-ae034000 r--s 0006e000 08:01 2233083    /usr/share/eclipse/plugins/org.eclipse.help.ui_3.5.101.dist.jar
ae034000-ae039000 r--s 00027000 08:01 2233098    /usr/share/eclipse/plugins/org.eclipse.ui.browser_3.3.101.dist.jar
ae039000-ae03b000 r--s 00012000 08:01 529717     /usr/lib/eclipse/plugins/org.eclipse.core.expressions_3.4.300.dist.jar
ae03b000-ae03e000 ---p 00000000 00:00 0 
ae03e000-ae08c000 rw-p 00000000 00:00 0          [stack:3407]
ae08c000-ae094000 r--s 0003d000 08:01 529714     /usr/lib/eclipse/plugins/org.eclipse.core.databinding.observable_1.4.0.dist.jar
ae094000-ae09f000 r--s 000b8000 08:01 529795     /usr/lib/eclipse/plugins/org.eclipse.core.resources_3.7.101.dist.jar
ae09f000-ae0a0000 ---p 00000000 00:00 0 
ae0a0000-ae8a0000 rw-p 00000000 00:00 0          [stack:3397]
ae8a0000-ae900000 rw-s 00000000 00:04 557057     /SYSV00000000 (deleted)
ae900000-ae952000 r--p 00000000 08:01 1180451    /usr/share/fonts/truetype/ubuntu-font-family/Ubuntu-B.ttf
af0da000-af139000 r--p 00000000 08:01 1180457    /usr/share/fonts/truetype/ubuntu-font-family/Ubuntu-RI.ttf
af139000-af142000 r--s 00086000 08:01 2233120    /usr/share/eclipse/plugins/org.eclipse.update.core_3.2.500.dist.jar
af142000-af144000 r--s 00005000 08:01 2233121    /usr/share/eclipse/plugins/org.eclipse.update.scheduler_3.2.300.dist.jar
af144000-af145000 r--s 00002000 08:01 2233077    /usr/share/eclipse/plugins/org.eclipse.equinox.p2.updatechecker_1.1.200.dist.jar
af145000-af148000 r--s 00017000 08:01 529802     /usr/lib/eclipse/plugins/org.eclipse.equinox.p2.metadata.repository_1.2.0.dist.jar
af148000-af14c000 r--s 0001a000 08:01 2233069    /usr/share/eclipse/plugins/org.eclipse.equinox.p2.repository_2.1.1.dist.jar
af14c000-af153000 r--s 00049000 08:01 2233065    /usr/share/eclipse/plugins/org.eclipse.equinox.p2.metadata_2.1.0.dist.jar
af153000-af154000 ---p 00000000 00:00 0 
af154000-af954000 rw-p 00000000 00:00 0          [stack:3396]
af954000-afa9b000 r-xp 00000000 08:01 398361     /usr/lib/i386-linux-gnu/libxml2.so.2.7.8
afa9b000-afa9f000 r--p 00147000 08:01 398361     /usr/lib/i386-linux-gnu/libxml2.so.2.7.8
afa9f000-afaa0000 rw-p 0014b000 08:01 398361     /usr/lib/i386-linux-gnu/libxml2.so.2.7.8
afaa0000-afaa1000 rw-p 00000000 00:00 0 
afaa1000-afad9000 r-xp 00000000 08:01 397868     /usr/lib/i386-linux-gnu/libcroco-0.6.so.3.0.1
afad9000-afada000 ---p 00038000 08:01 397868     /usr/lib/i386-linux-gnu/libcroco-0.6.so.3.0.1
afada000-afadc000 r--p 00038000 08:01 397868     /usr/lib/i386-linux-gnu/libcroco-0.6.so.3.0.1
afadc000-afadd000 rw-p 0003a000 08:01 397868     /usr/lib/i386-linux-gnu/libcroco-0.6.so.3.0.1
afadd000-afb14000 r-xp 00000000 08:01 398250     /usr/lib/i386-linux-gnu/librsvg-2.so.2.36.1
afb14000-afb15000 r--p 00036000 08:01 398250     /usr/lib/i386-linux-gnu/librsvg-2.so.2.36.1
afb15000-afb16000 rw-p 00037000 08:01 398250     /usr/lib/i386-linux-gnu/librsvg-2.so.2.36.1
afb16000-afb1f000 r--s 00037000 08:01 529736     /usr/lib/eclipse/plugins/org.eclipse.jface.databinding_1.5.0.dist.jar
afb1f000-afb26000 r--s 00000000 08:01 395215     /usr/lib/i386-linux-gnu/gconv/gconv-modules.cache
afb26000-afb27000 r-xp 00000000 08:01 398697     /usr/lib/i386-linux-gnu/gdk-pixbuf-2.0/2.10.0/loaders/libpixbufloader-svg.so
afb27000-afb28000 r--p 00000000 08:01 398697     /usr/lib/i386-linux-gnu/gdk-pixbuf-2.0/2.10.0/loaders/libpixbufloader-svg.so
afb28000-afb29000 rw-p 00001000 08:01 398697     /usr/lib/i386-linux-gnu/gdk-pixbuf-2.0/2.10.0/loaders/libpixbufloader-svg.so
afb29000-b0a64000 r--p 00000000 08:01 1467462    /usr/share/icons/hicolor/icon-theme.cache
b0a64000-b134f000 r--p 00000000 08:01 1461233    /usr/share/icons/gnome/icon-theme.cache
b134f000-b1438000 r--p 00000000 08:01 1452966    /usr/share/icons/Humanity/icon-theme.cache
b1438000-b1443000 r--p 00000000 08:01 1460241    /usr/share/icons/Humanity-Dark/icon-theme.cache
b1443000-b1466000 r--p 00000000 08:01 1464121    /usr/share/icons/ubuntu-mono-dark/icon-theme.cache
b1466000-b1476000 r-xp 00000000 08:01 398709     /usr/lib/i386-linux-gnu/gio/modules/libgioremote-volume-monitor.so
b1476000-b1477000 r--p 0000f000 08:01 398709     /usr/lib/i386-linux-gnu/gio/modules/libgioremote-volume-monitor.so
b1477000-b1478000 rw-p 00010000 08:01 398709     /usr/lib/i386-linux-gnu/gio/modules/libgioremote-volume-monitor.so
b1478000-b151d000 r--p 00000000 08:01 1180424    /usr/share/fonts/truetype/ttf-dejavu/DejaVuSans-Bold.ttf
b151d000-b152b000 r-xp 00000000 08:01 3277797    /lib/i386-linux-gnu/libudev.so.0.13.0
b152b000-b152c000 r--p 0000e000 08:01 3277797    /lib/i386-linux-gnu/libudev.so.0.13.0
b152c000-b152d000 rw-p 0000f000 08:01 3277797    /lib/i386-linux-gnu/libudev.so.0.13.0
b152d000-b1574000 r-xp 00000000 08:01 3277710    /lib/i386-linux-gnu/libdbus-1.so.3.5.8
b1574000-b1575000 r--p 00047000 08:01 3277710    /lib/i386-linux-gnu/libdbus-1.so.3.5.8
b1575000-b1576000 rw-p 00048000 08:01 3277710    /lib/i386-linux-gnu/libdbus-1.so.3.5.8
b1576000-b158b000 r-xp 00000000 08:01 398913     /usr/lib/i386-linux-gnu/gvfs/libgvfscommon.so
b158b000-b158c000 r--p 00014000 08:01 398913     /usr/lib/i386-linux-gnu/gvfs/libgvfscommon.so
b158c000-b158d000 rw-p 00015000 08:01 398913     /usr/lib/i386-linux-gnu/gvfs/libgvfscommon.so
b158d000-b15b6000 r-xp 00000000 08:01 398710     /usr/lib/i386-linux-gnu/gio/modules/libgvfsdbus.so
b15b6000-b15b7000 r--p 00028000 08:01 398710     /usr/lib/i386-linux-gnu/gio/modules/libgvfsdbus.so
b15b7000-b15b8000 rw-p 00029000 08:01 398710     /usr/lib/i386-linux-gnu/gio/modules/libgvfsdbus.so
b15b8000-b15fc000 r-xp 00000000 08:01 398091     /usr/lib/i386-linux-gnu/libibus-1.0.so.0.401.0
b15fc000-b15fd000 r--p 00043000 08:01 398091     /usr/lib/i386-linux-gnu/libibus-1.0.so.0.401.0
b15fd000-b15fe000 rw-p 00044000 08:01 398091     /usr/lib/i386-linux-gnu/libibus-1.0.so.0.401.0
b15fe000-b1600000 r--s 00013000 08:01 529712     /usr/lib/eclipse/plugins/org.eclipse.core.contenttype_3.4.100.dist.jar
b1600000-b160c000 r-xp 00000000 08:01 409497     /usr/lib/jni/libswt-atk-gtk-3740.so
b160c000-b160d000 r--p 0000b000 08:01 409497     /usr/lib/jni/libswt-atk-gtk-3740.so
b160d000-b160e000 rw-p 0000c000 08:01 409497     /usr/lib/jni/libswt-atk-gtk-3740.so
b160e000-b1614000 r-xp 00000000 08:01 398850     /usr/lib/i386-linux-gnu/gtk-2.0/2.10.0/immodules/im-ibus.so
b1614000-b1615000 r--p 00005000 08:01 398850     /usr/lib/i386-linux-gnu/gtk-2.0/2.10.0/immodules/im-ibus.so
b1615000-b1616000 rw-p 00006000 08:01 398850     /usr/lib/i386-linux-gnu/gtk-2.0/2.10.0/immodules/im-ibus.so
b1616000-b163d000 r--s 00208000 08:01 2233105    /usr/share/eclipse/plugins/org.eclipse.ui.ide_3.7.0.dist.jar
b163d000-b1641000 r-xp 00000000 08:01 398693     /usr/lib/i386-linux-gnu/gdk-pixbuf-2.0/2.10.0/loaders/libpixbufloader-png.so
b1641000-b1642000 r--p 00003000 08:01 398693     /usr/lib/i386-linux-gnu/gdk-pixbuf-2.0/2.10.0/loaders/libpixbufloader-png.so
b1642000-b1643000 rw-p 00004000 08:01 398693     /usr/lib/i386-linux-gnu/gdk-pixbuf-2.0/2.10.0/loaders/libpixbufloader-png.so
b1643000-b1648000 r-xp 00000000 08:01 398687     /usr/lib/i386-linux-gnu/gdk-pixbuf-2.0/2.10.0/loaders/libpixbufloader-gif.so
b1648000-b1649000 r--p 00005000 08:01 398687     /usr/lib/i386-linux-gnu/gdk-pixbuf-2.0/2.10.0/loaders/libpixbufloader-gif.so
b1649000-b164a000 rw-p 00006000 08:01 398687     /usr/lib/i386-linux-gnu/gdk-pixbuf-2.0/2.10.0/loaders/libpixbufloader-gif.so
b164a000-b164b000 r--s 00002000 08:01 529739     /usr/lib/eclipse/plugins/org.eclipse.rcp_3.7.2.dist.jar
b164b000-b169d000 r--p 00000000 08:01 1180427    /usr/share/fonts/truetype/ttf-dejavu/DejaVuSansMono.ttf
b169d000-b16f4000 r--p 00000000 08:01 1180456    /usr/share/fonts/truetype/ubuntu-font-family/Ubuntu-R.ttf
b16f4000-b16f6000 r-xp 00000000 08:01 399056     /usr/lib/i386-linux-gnu/pango/1.6.0/modules/pango-basic-fc.so
b16f6000-b16f7000 r--p 00001000 08:01 399056     /usr/lib/i386-linux-gnu/pango/1.6.0/modules/pango-basic-fc.so
b16f7000-b16f8000 rw-p 00002000 08:01 399056     /usr/lib/i386-linux-gnu/pango/1.6.0/modules/pango-basic-fc.so
b16f8000-b16f9000 r--s 00000000 08:01 1711051    /var/cache/fontconfig/c05880de57d1f5e948fdfacc138775d9-le32d4.cache-3
b16f9000-b16ff000 r--s 00000000 08:01 1711046    /var/cache/fontconfig/945677eb7aeaf62f1d50efc3fb3ec7d8-le32d4.cache-3
b16ff000-b1701000 r--s 00000000 08:01 1711047    /var/cache/fontconfig/99e8ed0e538f840c565b6ed5dad60d56-le32d4.cache-3
b1701000-b1704000 r--s 00000000 08:01 1711033    /var/cache/fontconfig/2cd17615ca594fa2959ae173292e504c-le32d4.cache-3
b1704000-b1705000 r--s 00000000 08:01 1711058    /var/cache/fontconfig/e7071f4a29fa870f4323321c154eba04-le32d4.cache-3
b1705000-b1706000 r--s 00000000 08:01 1711031    /var/cache/fontconfig/0d8c3b2ac0904cb8a57a757ad11a4a08-le32d4.cache-3
b1706000-b170a000 r--s 00000000 08:01 1711048    /var/cache/fontconfig/a755afe4a08bf5b97852ceb7400b47bc-le32d4.cache-3
b170a000-b1711000 r--s 00000000 08:01 1707176    /var/cache/fontconfig/6d41288fd70b0be22e8c3a91e032eec0-le32d4.cache-3
b1711000-b171c000 r--s 00000000 08:01 1711030    /var/cache/fontconfig/04aabc0a78ac019cf9454389977116d2-le32d4.cache-3
b171c000-b171f000 r--s 00000000 08:01 1711036    /var/cache/fontconfig/385c0604a188198f04d133e54aba7fe7-le32d4.cache-3
b171f000-b1722000 r--s 00000000 08:01 1711045    /var/cache/fontconfig/8801497958630a81b71ace7c5f9b32a8-le32d4.cache-3
b1722000-b1726000 r--s 00000000 08:01 1711034    /var/cache/fontconfig/3047814df9a2f067bd2d96a2b9c36e5a-le32d4.cache-3
b1726000-b1733000 r--s 00000000 08:01 1711054    /var/cache/fontconfig/d52a8644073d54c13679302ca1180695-le32d4.cache-3
b1733000-b1738000 r-xp 00000000 08:01 397789     /usr/lib/i386-linux-gnu/libXtst.so.6.1.0
b1738000-b1739000 r--p 00004000 08:01 397789     /usr/lib/i386-linux-gnu/libXtst.so.6.1.0
b1739000-b173a000 rw-p 00005000 08:01 397789     /usr/lib/i386-linux-gnu/libXtst.so.6.1.0
b173a000-b173b000 r-xp 00000000 08:01 395746     /usr/lib/i386-linux-gnu/libgthread-2.0.so.0.3200.4
b173b000-b173c000 r--p 00000000 08:01 395746     /usr/lib/i386-linux-gnu/libgthread-2.0.so.0.3200.4
b173c000-b173d000 rw-p 00001000 08:01 395746     /usr/lib/i386-linux-gnu/libgthread-2.0.so.0.3200.4
b173d000-b173e000 r--s 00000000 08:01 1711037    /var/cache/fontconfig/4794a0821666d79190d59a36cb4f44b5-le32d4.cache-3
b173e000-b173f000 r--s 00000000 08:01 1711039    /var/cache/fontconfig/56cf4f4769d0f4abc89a4895d7bd3ae1-le32d4.cache-3
b173f000-b1740000 r--s 00000000 08:01 1711050    /var/cache/fontconfig/b9d506c9ac06c20b433354fa67a72993-le32d4.cache-3
b1740000-b1744000 r--s 00000000 08:01 1711049    /var/cache/fontconfig/b47c4e1ecd0709278f4910c18777a504-le32d4.cache-3
b1744000-b1746000 r--s 00000000 08:01 1711769    /var/cache/fontconfig/e13b20fdb08344e0e664864cc2ede53d-le32d4.cache-3
b1746000-b1749000 r--s 00000000 08:01 1711770    /var/cache/fontconfig/7ef2298fde41cc6eeb7af42e48b7d293-le32d4.cache-3
b1749000-b174d000 rwxp 00000000 00:00 0 
b174d000-b17c4000 r-xp 00000000 08:01 409500     /usr/lib/jni/libswt-pi-gtk-3740.so
b17c4000-b17c5000 r--p 00077000 08:01 409500     /usr/lib/jni/libswt-pi-gtk-3740.so
b17c5000-b17c7000 rw-p 00078000 08:01 409500     /usr/lib/jni/libswt-pi-gtk-3740.so
b17c7000-b17c8000 rw-p 00000000 00:00 0 
b17c8000-b17cc000 r-xp 00000000 08:01 409499     /usr/lib/jni/libswt-gtk-3740.so
b17cc000-b17cd000 r--p 00003000 08:01 409499     /usr/lib/jni/libswt-gtk-3740.so
b17cd000-b17ce000 rw-p 00004000 08:01 409499     /usr/lib/jni/libswt-gtk-3740.so
b17ce000-b17cf000 rw-p 00000000 00:00 0 
b17cf000-b17d3000 r--s 00015000 08:01 529711     /usr/lib/eclipse/plugins/org.eclipse.core.commands_3.6.0.dist.jar
b17d3000-b17d7000 r--s 0001e000 08:01 529749     /usr/lib/eclipse/plugins/org.eclipse.ui_3.7.0.dist.jar
b17d7000-b1813000 r--s 005fe000 08:01 668511     /usr/share/java/com.ibm.icu-4.4.jar
b1813000-b1827000 r--s 0018b000 08:01 409502     /usr/lib/java/swt-gtk-3.7.2.jar
b1827000-b183b000 r--s 000eb000 08:01 529737     /usr/lib/eclipse/plugins/org.eclipse.jface_3.7.0.dist.jar
b183b000-b183c000 r--s 00000000 08:01 2233115    /usr/share/eclipse/plugins/org.eclipse.ui.workbench.compatibility_3.2.100.dist/compatibility.jar
b183c000-b1883000 r--s 0039a000 08:01 529741     /usr/lib/eclipse/plugins/org.eclipse.ui.workbench_3.7.1.dist.jar
b1883000-b1885000 r--s 0000d000 08:01 2233104    /usr/share/eclipse/plugins/org.eclipse.ui.ide.application_1.0.300.dist.jar
b1885000-b1886000 r--s 00006000 08:01 2233061    /usr/share/eclipse/plugins/org.eclipse.equinox.p2.directorywatcher_1.0.300.dist.jar
b1886000-b1888000 r--s 0000e000 08:01 2233059    /usr/share/eclipse/plugins/org.eclipse.equinox.p2.core_2.1.1.dist.jar
b1888000-b1889000 r--s 0000a000 08:01 2233068    /usr/share/eclipse/plugins/org.eclipse.equinox.p2.reconciler.dropins_1.1.100.dist.jar
b1889000-b188c000 r--s 00013000 08:01 2233035    /usr/share/eclipse/plugins/org.eclipse.core.runtime.compatibility_3.2.100.dist.jar
b188c000-b188e000 r--s 00012000 08:01 529723     /usr/lib/eclipse/plugins/org.eclipse.equinox.app_1.3.100.dist.jar
b188e000-b1891000 ---p 00000000 00:00 0 
b1891000-b18df000 rw-p 00000000 00:00 0          [stack:3386]
b18df000-b18e1000 r--s 00013000 08:01 529718     /usr/lib/eclipse/plugins/org.eclipse.core.jobs_3.5.101.dist.jar
b18e1000-b18e4000 r--s 00018000 08:01 529732     /usr/lib/eclipse/plugins/org.eclipse.equinox.preferences_3.4.2.dist.jar
b18e4000-b18e5000 r--s 00004000 08:01 529721     /usr/lib/eclipse/plugins/org.eclipse.core.runtime.compatibility.auth_3.2.200.dist.jar
b18e5000-b18e6000 r--s 00001000 08:01 2233034    /usr/share/eclipse/plugins/org.eclipse.core.runtime.compatibility.registry_3.5.0.dist/runtime_registry_compatibility.jar
b18e6000-b18e9000 ---p 00000000 00:00 0 
b18e9000-b1937000 rw-p 00000000 00:00 0          [stack:3385]
b1937000-b193a000 ---p 00000000 00:00 0 
b193a000-b1988000 rw-p 00000000 00:00 0          [stack:3391]
b1988000-b198c000 r--s 0000d000 08:01 529697     /usr/lib/eclipse/plugins/org.eclipse.osgi.services_3.3.0.dist.jar
b198c000-b198f000 ---p 00000000 00:00 0 
b198f000-b19dd000 rw-p 00000000 00:00 0          [stack:3383]
b19dd000-b19e0000 ---p 00000000 00:00 0 
b19e0000-b1a2e000 rw-p 00000000 00:00 0          [stack:3382]
b1a2e000-b1a31000 ---p 00000000 00:00 0 
b1a31000-b1a7f000 rw-p 00000000 00:00 0          [stack:3381]
b1a7f000-b1a80000 ---p 00000000 00:00 0 
b1a80000-b1b00000 rw-p 00000000 00:00 0          [stack:3379]
b1b00000-b1c00000 rw-p 00000000 00:00 0 
b1c00000-b1c2c000 rw-p 00000000 00:00 0 
b1c2c000-b1d00000 ---p 00000000 00:00 0 
b1d00000-b1d03000 r--s 00028000 08:01 529733     /usr/lib/eclipse/plugins/org.eclipse.equinox.registry_3.5.101.dist.jar
b1d03000-b1d06000 ---p 00000000 00:00 0 
b1d06000-b1d54000 rw-p 00000000 00:00 0          [stack:3380]
b1d54000-b1d69000 r-xp 00000000 08:01 1193020    /usr/lib/jvm/java-6-openjdk-i386/jre/lib/i386/libnet.so
b1d69000-b1d6a000 r--p 00014000 08:01 1193020    /usr/lib/jvm/java-6-openjdk-i386/jre/lib/i386/libnet.so
b1d6a000-b1d6b000 rw-p 00015000 08:01 1193020    /usr/lib/jvm/java-6-openjdk-i386/jre/lib/i386/libnet.so
b1d6b000-b1d7f000 r--s 00136000 08:01 529699     /usr/lib/eclipse/plugins/org.eclipse.osgi_3.7.2.dist.jar
b1d7f000-b1d82000 ---p 00000000 00:00 0 
b1d82000-b1e00000 rw-p 00000000 00:00 0          [stack:3377]
b1e00000-b1e21000 rw-p 00000000 00:00 0 
b1e21000-b1f00000 ---p 00000000 00:00 0 
b1f00000-b1fc5000 rw-p 00000000 00:00 0 
b1fc5000-b2000000 ---p 00000000 00:00 0 
b2000000-b2002000 r--s 0000f000 08:01 529722     /usr/lib/eclipse/plugins/org.eclipse.core.runtime_3.7.0.dist.jar
b2002000-b2005000 r--s 0000f000 08:01 529735     /usr/lib/eclipse/plugins/org.eclipse.equinox.util_1.0.300.dist.jar
b2005000-b2008000 r--s 0002b000 08:01 529725     /usr/lib/eclipse/plugins/org.eclipse.equinox.ds_1.3.1.dist.jar
b2008000-b200b000 r--s 00016000 08:01 529724     /usr/lib/eclipse/plugins/org.eclipse.equinox.common_3.6.0.dist.jar
b200b000-b200d000 r--s 00008000 08:01 529734     /usr/lib/eclipse/plugins/org.eclipse.equinox.simpleconfigurator_1.0.200.dist.jar
b200d000-b2010000 ---p 00000000 00:00 0 
b2010000-b205e000 rw-p 00000000 00:00 0          [stack:3378]
b205e000-b2061000 ---p 00000000 00:00 0 
b2061000-b20af000 rw-p 00000000 00:00 0          [stack:3376]
b20af000-b20b2000 ---p 00000000 00:00 0 
b20b2000-b2100000 rw-p 00000000 00:00 0          [stack:3375]
b2100000-b213f000 rw-p 00000000 00:00 0 
b213f000-b2200000 ---p 00000000 00:00 0 
b2200000-b2208000 r-xp 00000000 08:01 1193032    /usr/lib/jvm/java-6-openjdk-i386/jre/lib/i386/libnio.so
b2208000-b2209000 r--p 00007000 08:01 1193032    /usr/lib/jvm/java-6-openjdk-i386/jre/lib/i386/libnio.so
b2209000-b220a000 rw-p 00008000 08:01 1193032    /usr/lib/jvm/java-6-openjdk-i386/jre/lib/i386/libnio.so
b220a000-b2211000 r--s 000fc000 08:01 398207     /usr/lib/jvm/java-6-openjdk-common/jre/lib/resources.jar
b2211000-b2215000 r--s 00039000 08:01 393858     /usr/lib/jvm/java-6-openjdk-common/jre/lib/ext/sunpkcs11.jar
b2215000-b2218000 ---p 00000000 00:00 0 
b2218000-b2266000 rw-p 00000000 00:00 0          [stack:3374]
b2266000-b2267000 ---p 00000000 00:00 0 
b2267000-b231a000 rw-p 00000000 00:00 0          [stack:3373]
b231a000-b24ae000 r--s 03822000 08:01 1057290    /usr/lib/jvm/java-6-openjdk-i386/jre/lib/rt.jar
b24ae000-b24c3000 rw-p 00000000 00:00 0 
b24c3000-b2536000 rw-p 00000000 00:00 0 
b2536000-b2544000 rw-p 00000000 00:00 0 
b2544000-b25b7000 rw-p 00000000 00:00 0 
b25b7000-b25be000 rw-p 00000000 00:00 0 
b25be000-b25f7000 rw-p 00000000 00:00 0 
b25f7000-b2605000 rw-p 00000000 00:00 0 
b2605000-b2677000 rw-p 00000000 00:00 0 
b2677000-b2685000 rw-p 00000000 00:00 0 
b2685000-b26f7000 rw-p 00000000 00:00 0 
b26f7000-b270d000 rw-p 00000000 00:00 0 
b270d000-b2783000 rw-p 00000000 00:00 0 
b2783000-b29cb000 rwxp 00000000 00:00 0 
b29cb000-b4783000 rw-p 00000000 00:00 0 
b4783000-b47a9000 r-xp 00000000 08:01 1193013    /usr/lib/jvm/java-6-openjdk-i386/jre/lib/i386/libjava.so
b47a9000-b47aa000 r--p 00025000 08:01 1193013    /usr/lib/jvm/java-6-openjdk-i386/jre/lib/i386/libjava.so
b47aa000-b47ac000 rw-p 00026000 08:01 1193013    /usr/lib/jvm/java-6-openjdk-i386/jre/lib/i386/libjava.so
b47ac000-b47c8000 r-xp 00000000 08:01 3277719    /lib/i386-linux-gnu/libgcc_s.so.1
b47c8000-b47c9000 r--p 0001b000 08:01 3277719    /lib/i386-linux-gnu/libgcc_s.so.1
b47c9000-b47ca000 rw-p 0001c000 08:01 3277719    /lib/i386-linux-gnu/libgcc_s.so.1
b47ca000-b48a2000 r-xp 00000000 08:01 398293     /usr/lib/i386-linux-gnu/libstdc++.so.6.0.16
b48a2000-b48a3000 ---p 000d8000 08:01 398293     /usr/lib/i386-linux-gnu/libstdc++.so.6.0.16
b48a3000-b48a7000 r--p 000d8000 08:01 398293     /usr/lib/i386-linux-gnu/libstdc++.so.6.0.16
b48a7000-b48a8000 rw-p 000dc000 08:01 398293     /usr/lib/i386-linux-gnu/libstdc++.so.6.0.16
b48a8000-b48af000 rw-p 00000000 00:00 0 
b48af000-b4dc4000 r-xp 00000000 08:01 1340258    /usr/lib/jvm/java-6-openjdk-i386/jre/lib/i386/client/libjvm.so
b4dc4000-b4ddb000 r--p 00514000 08:01 1340258    /usr/lib/jvm/java-6-openjdk-i386/jre/lib/i386/client/libjvm.so
b4ddb000-b4de8000 rw-p 0052b000 08:01 1340258    /usr/lib/jvm/java-6-openjdk-i386/jre/lib/i386/client/libjvm.so
b4de8000-b5200000 rw-p 00000000 00:00 0 
b5200000-b5221000 rw-p 00000000 00:00 0 
b5221000-b5300000 ---p 00000000 00:00 0 
b5300000-b5303000 r--s 00077000 08:01 395269     /usr/lib/jvm/java-6-openjdk-common/jre/lib/ext/localedata.jar
b5303000-b5309000 rw-p 00000000 00:00 0 
b5309000-b5310000 r-xp 00000000 08:01 1193018    /usr/lib/jvm/java-6-openjdk-i386/jre/lib/i386/libzip.so
b5310000-b5311000 r--p 00006000 08:01 1193018    /usr/lib/jvm/java-6-openjdk-i386/jre/lib/i386/libzip.so
b5311000-b5312000 rw-p 00007000 08:01 1193018    /usr/lib/jvm/java-6-openjdk-i386/jre/lib/i386/libzip.so
b5312000-b531d000 r-xp 00000000 08:01 1193033    /usr/lib/jvm/java-6-openjdk-i386/jre/lib/i386/libverify.so
b531d000-b531e000 ---p 0000b000 08:01 1193033    /usr/lib/jvm/java-6-openjdk-i386/jre/lib/i386/libverify.so
b531e000-b531f000 r--p 0000b000 08:01 1193033    /usr/lib/jvm/java-6-openjdk-i386/jre/lib/i386/libverify.so
b531f000-b5320000 rw-p 0000c000 08:01 1193033    /usr/lib/jvm/java-6-openjdk-i386/jre/lib/i386/libverify.so
b5320000-b5380000 rw-s 00000000 00:04 524288     /SYSV00000000 (deleted)
b5380000-b53e3000 rw-p 00000000 00:00 0 
b53e3000-b53ff000 r--s 00000000 08:01 797126     /usr/share/mime/mime.cache
b53ff000-b5400000 ---p 00000000 00:00 0 
b5400000-b5c00000 rw-p 00000000 00:00 0          [stack:3357]
b5c00000-b5c7f000 rw-p 00000000 00:00 0 
b5c7f000-b5d00000 ---p 00000000 00:00 0 
b5d00000-b5d01000 r--s 00006000 08:01 2233049    /usr/share/eclipse/plugins/org.eclipse.equinox.event_1.2.100.dist.jar
b5d01000-b5d02000 r--s 0000a000 08:01 529730     /usr/lib/eclipse/plugins/org.eclipse.equinox.launcher_1.2.0.dist.jar
b5d02000-b5d04000 r--s 0000f000 08:01 395267     /usr/lib/jvm/java-6-openjdk-common/jre/lib/ext/pulse-java.jar
b5d04000-b5d0a000 r-xp 00000000 08:01 398176     /usr/lib/i386-linux-gnu/libogg.so.0.7.1
b5d0a000-b5d0b000 r--p 00005000 08:01 398176     /usr/lib/i386-linux-gnu/libogg.so.0.7.1
b5d0b000-b5d0c000 rw-p 00006000 08:01 398176     /usr/lib/i386-linux-gnu/libogg.so.0.7.1
b5d0c000-b5d35000 r-xp 00000000 08:01 398326     /usr/lib/i386-linux-gnu/libvorbis.so.0.4.5
b5d35000-b5d36000 r--p 00028000 08:01 398326     /usr/lib/i386-linux-gnu/libvorbis.so.0.4.5
b5d36000-b5d37000 rw-p 00029000 08:01 398326     /usr/lib/i386-linux-gnu/libvorbis.so.0.4.5
b5d37000-b5d3f000 r-xp 00000000 08:01 398134     /usr/lib/i386-linux-gnu/libltdl.so.7.3.0
b5d3f000-b5d40000 r--p 00008000 08:01 398134     /usr/lib/i386-linux-gnu/libltdl.so.7.3.0
b5d40000-b5d41000 rw-p 00009000 08:01 398134     /usr/lib/i386-linux-gnu/libltdl.so.7.3.0
b5d41000-b5d52000 r-xp 00000000 08:01 398301     /usr/lib/i386-linux-gnu/libtdb.so.1.2.9
b5d52000-b5d53000 r--p 00010000 08:01 398301     /usr/lib/i386-linux-gnu/libtdb.so.1.2.9
b5d53000-b5d54000 rw-p 00011000 08:01 398301     /usr/lib/i386-linux-gnu/libtdb.so.1.2.9
b5d54000-b5d5c000 r-xp 00000000 08:01 398330     /usr/lib/i386-linux-gnu/libvorbisfile.so.3.3.4
b5d5c000-b5d5d000 r--p 00007000 08:01 398330     /usr/lib/i386-linux-gnu/libvorbisfile.so.3.3.4
b5d5d000-b5d5e000 rw-p 00008000 08:01 398330     /usr/lib/i386-linux-gnu/libvorbisfile.so.3.3.4
b5d5e000-b5d6d000 r-xp 00000000 08:01 397859     /usr/lib/i386-linux-gnu/libcanberra.so.0.2.5
b5d6d000-b5d6e000 r--p 0000e000 08:01 397859     /usr/lib/i386-linux-gnu/libcanberra.so.0.2.5
b5d6e000-b5d6f000 rw-p 0000f000 08:01 397859     /usr/lib/i386-linux-gnu/libcanberra.so.0.2.5
b5d6f000-b5d73000 r-xp 00000000 08:01 397855     /usr/lib/i386-linux-gnu/libcanberra-gtk.so.0.1.8
b5d73000-b5d74000 r--p 00003000 08:01 397855     /usr/lib/i386-linux-gnu/libcanberra-gtk.so.0.1.8
b5d74000-b5d75000 rw-p 00004000 08:01 397855     /usr/lib/i386-linux-gnu/libcanberra-gtk.so.0.1.8
b5d75000-b5d76000 r--s 00007000 08:01 668389     /usr/share/java/java-atk-wrapper.jar
b5d76000-b5d78000 r--s 00001000 08:01 395271     /usr/lib/jvm/java-6-openjdk-common/jre/lib/ext/dnsns.jar
b5d78000-b5d80000 rw-s 00000000 08:01 1972683    /tmp/hsperfdata_justin/3355
b5d80000-b5d83000 r-xp 00000000 08:01 398686     /usr/lib/i386-linux-gnu/gdk-pixbuf-2.0/2.10.0/loaders/libpixbufloader-bmp.so
b5d83000-b5d84000 r--p 00002000 08:01 398686     /usr/lib/i386-linux-gnu/gdk-pixbuf-2.0/2.10.0/loaders/libpixbufloader-bmp.so
b5d84000-b5d85000 rw-p 00003000 08:01 398686     /usr/lib/i386-linux-gnu/gdk-pixbuf-2.0/2.10.0/loaders/libpixbufloader-bmp.so
b5d85000-b5d8a000 r-xp 00000000 08:01 398865     /usr/lib/i386-linux-gnu/gtk-2.0/modules/libcanberra-gtk-module.so
b5d8a000-b5d8b000 r--p 00004000 08:01 398865     /usr/lib/i386-linux-gnu/gtk-2.0/modules/libcanberra-gtk-module.so
b5d8b000-b5d8c000 rw-p 00005000 08:01 398865     /usr/lib/i386-linux-gnu/gtk-2.0/modules/libcanberra-gtk-module.so
b5d8c000-b5dc1000 r-xp 00000000 08:01 398843     /usr/lib/i386-linux-gnu/gtk-2.0/2.10.0/engines/libmurrine.so
b5dc1000-b5dc2000 r--p 00034000 08:01 398843     /usr/lib/i386-linux-gnu/gtk-2.0/2.10.0/engines/libmurrine.so
b5dc2000-b5dc3000 rw-p 00035000 08:01 398843     /usr/lib/i386-linux-gnu/gtk-2.0/2.10.0/engines/libmurrine.so
b5dc3000-b5dc4000 ---p 00000000 00:00 0 
b5dc4000-b65c4000 rw-p 00000000 00:00 0          [stack:3356]
b65c4000-b65e8000 r--p 00000000 08:01 1192824    /usr/share/glib-2.0/schemas/gschemas.compiled
b65e8000-b65f8000 r-xp 00000000 08:01 396285     /usr/lib/liboverlay-scrollbar-0.2.so.0.0.16
b65f8000-b65f9000 r--p 0000f000 08:01 396285     /usr/lib/liboverlay-scrollbar-0.2.so.0.0.16
b65f9000-b65fa000 rw-p 00010000 08:01 396285     /usr/lib/liboverlay-scrollbar-0.2.so.0.0.16
b65fa000-b6605000 r-xp 00000000 08:01 3283853    /lib/i386-linux-gnu/libnss_files-2.15.so
b6605000-b6606000 r--p 0000a000 08:01 3283853    /lib/i386-linux-gnu/libnss_files-2.15.so
b6606000-b6607000 rw-p 0000b000 08:01 3283853    /lib/i386-linux-gnu/libnss_files-2.15.so
b6607000-b6611000 r-xp 00000000 08:01 3283852    /lib/i386-linux-gnu/libnss_nis-2.15.so
b6611000-b6612000 r--p 00009000 08:01 3283852    /lib/i386-linux-gnu/libnss_nis-2.15.so
b6612000-b6613000 rw-p 0000a000 08:01 3283852    /lib/i386-linux-gnu/libnss_nis-2.15.so
b6613000-b6629000 r-xp 00000000 08:01 3277874    /lib/i386-linux-gnu/libnsl-2.15.so
b6629000-b662a000 r--p 00015000 08:01 3277874    /lib/i386-linux-gnu/libnsl-2.15.so
b662a000-b662b000 rw-p 00016000 08:01 3277874    /lib/i386-linux-gnu/libnsl-2.15.so
b662b000-b662d000 rw-p 00000000 00:00 0 
b662d000-b6634000 r-xp 00000000 08:01 3283854    /lib/i386-linux-gnu/libnss_compat-2.15.so
b6634000-b6635000 r--p 00006000 08:01 3283854    /lib/i386-linux-gnu/libnss_compat-2.15.so
b6635000-b6636000 rw-p 00007000 08:01 3283854    /lib/i386-linux-gnu/libnss_compat-2.15.so
b6636000-b6653000 r-xp 00000000 08:01 397813     /usr/lib/i386-linux-gnu/libatk-1.0.so.0.20409.1
b6653000-b6655000 r--p 0001c000 08:01 397813     /usr/lib/i386-linux-gnu/libatk-1.0.so.0.20409.1
b6655000-b6656000 rw-p 0001e000 08:01 397813     /usr/lib/i386-linux-gnu/libatk-1.0.so.0.20409.1
b6656000-b6ab6000 r-xp 00000000 08:01 398071     /usr/lib/i386-linux-gnu/libgtk-x11-2.0.so.0.2400.10
b6ab6000-b6aba000 r--p 00460000 08:01 398071     /usr/lib/i386-linux-gnu/libgtk-x11-2.0.so.0.2400.10
b6aba000-b6abc000 rw-p 00464000 08:01 398071     /usr/lib/i386-linux-gnu/libgtk-x11-2.0.so.0.2400.10
b6abc000-b6abe000 rw-p 00000000 00:00 0 
b6abe000-b6ac3000 r-xp 00000000 08:01 397761     /usr/lib/i386-linux-gnu/libXdmcp.so.6.0.0
b6ac3000-b6ac4000 r--p 00004000 08:01 397761     /usr/lib/i386-linux-gnu/libXdmcp.so.6.0.0
b6ac4000-b6ac5000 rw-p 00005000 08:01 397761     /usr/lib/i386-linux-gnu/libXdmcp.so.6.0.0
b6ac5000-b6ac7000 r-xp 00000000 08:01 397750     /usr/lib/i386-linux-gnu/libXau.so.6.0.0
b6ac7000-b6ac8000 r--p 00001000 08:01 397750     /usr/lib/i386-linux-gnu/libXau.so.6.0.0
b6ac8000-b6ac9000 rw-p 00002000 08:01 397750     /usr/lib/i386-linux-gnu/libXau.so.6.0.0
b6ac9000-b6ae8000 r-xp 00000000 08:01 398357     /usr/lib/i386-linux-gnu/libxcb.so.1.1.0
b6ae8000-b6ae9000 r--p 0001f000 08:01 398357     /usr/lib/i386-linux-gnu/libxcb.so.1.1.0
b6ae9000-b6aea000 rw-p 00020000 08:01 398357     /usr/lib/i386-linux-gnu/libxcb.so.1.1.0
b6aea000-b6af2000 r-xp 00000000 08:01 398349     /usr/lib/i386-linux-gnu/libxcb-render.so.0.0.0
b6af2000-b6af3000 r--p 00008000 08:01 398349     /usr/lib/i386-linux-gnu/libxcb-render.so.0.0.0
b6af3000-b6af4000 rw-p 00009000 08:01 398349     /usr/lib/i386-linux-gnu/libxcb-render.so.0.0.0
b6af4000-b6af6000 r-xp 00000000 08:01 398353     /usr/lib/i386-linux-gnu/libxcb-shm.so.0.0.0
b6af6000-b6af7000 r--p 00001000 08:01 398353     /usr/lib/i386-linux-gnu/libxcb-shm.so.0.0.0
b6af7000-b6af8000 rw-p 00002000 08:01 398353     /usr/lib/i386-linux-gnu/libxcb-shm.so.0.0.0
b6af8000-b6b20000 r-xp 00000000 08:01 3277775    /lib/i386-linux-gnu/libpng12.so.0.46.0
b6b20000-b6b21000 r--p 00027000 08:01 3277775    /lib/i386-linux-gnu/libpng12.so.0.46.0
b6b21000-b6b22000 rw-p 00028000 08:01 3277775    /lib/i386-linux-gnu/libpng12.so.0.46.0
b6b22000-b6bb5000 r-xp 00000000 08:01 395262     /usr/lib/i386-linux-gnu/libpixman-1.so.0.24.4
b6bb5000-b6bb9000 r--p 00092000 08:01 395262     /usr/lib/i386-linux-gnu/libpixman-1.so.0.24.4
b6bb9000-b6bba000 rw-p 00096000 08:01 395262     /usr/lib/i386-linux-gnu/libpixman-1.so.0.24.4
b6bba000-b6be0000 r-xp 00000000 08:01 3277716    /lib/i386-linux-gnu/libexpat.so.1.5.2
b6be0000-b6be1000 ---p 00026000 08:01 3277716    /lib/i386-linux-gnu/libexpat.so.1.5.2
b6be1000-b6be3000 r--p 00026000 08:01 3277716    /lib/i386-linux-gnu/libexpat.so.1.5.2
b6be3000-b6be4000 rw-p 00028000 08:01 3277716    /lib/i386-linux-gnu/libexpat.so.1.5.2
b6be4000-b6bf7000 r-xp 00000000 08:01 3277877    /lib/i386-linux-gnu/libresolv-2.15.so
b6bf7000-b6bf8000 ---p 00013000 08:01 3277877    /lib/i386-linux-gnu/libresolv-2.15.so
b6bf8000-b6bf9000 r--p 00013000 08:01 3277877    /lib/i386-linux-gnu/libresolv-2.15.so
b6bf9000-b6bfa000 rw-p 00014000 08:01 3277877    /lib/i386-linux-gnu/libresolv-2.15.so
b6bfa000-b6bfc000 rw-p 00000000 00:00 0 
b6bfc000-b6c19000 r-xp 00000000 08:01 3277786    /lib/i386-linux-gnu/libselinux.so.1
b6c19000-b6c1a000 r--p 0001c000 08:01 3277786    /lib/i386-linux-gnu/libselinux.so.1
b6c1a000-b6c1b000 rw-p 0001d000 08:01 3277786    /lib/i386-linux-gnu/libselinux.so.1
b6c1b000-b6c2f000 r-xp 00000000 08:01 3277809    /lib/i386-linux-gnu/libz.so.1.2.3.4
b6c2f000-b6c30000 r--p 00013000 08:01 3277809    /lib/i386-linux-gnu/libz.so.1.2.3.4
b6c30000-b6c31000 rw-p 00014000 08:01 3277809    /lib/i386-linux-gnu/libz.so.1.2.3.4
b6c31000-b6c34000 r-xp 00000000 08:01 396095     /usr/lib/i386-linux-gnu/libgmodule-2.0.so.0.3200.4
b6c34000-b6c35000 r--p 00002000 08:01 396095     /usr/lib/i386-linux-gnu/libgmodule-2.0.so.0.3200.4
b6c35000-b6c36000 rw-p 00003000 08:01 396095     /usr/lib/i386-linux-gnu/libgmodule-2.0.so.0.3200.4
b6c36000-b6ccb000 r-xp 00000000 08:01 397953     /usr/lib/i386-linux-gnu/libfreetype.so.6.8.0
b6ccb000-b6ccf000 r--p 00094000 08:01 397953     /usr/lib/i386-linux-gnu/libfreetype.so.6.8.0
b6ccf000-b6cd0000 rw-p 00098000 08:01 397953     /usr/lib/i386-linux-gnu/libfreetype.so.6.8.0
b6cd0000-b6cfa000 r-xp 00000000 08:01 398192     /usr/lib/i386-linux-gnu/libpangoft2-1.0.so.0.3000.0
b6cfa000-b6cfb000 r--p 00029000 08:01 398192     /usr/lib/i386-linux-gnu/libpangoft2-1.0.so.0.3000.0
b6cfb000-b6cfc000 rw-p 0002a000 08:01 398192     /usr/lib/i386-linux-gnu/libpangoft2-1.0.so.0.3000.0
b6cfc000-b6d26000 r-xp 00000000 08:01 3283851    /lib/i386-linux-gnu/libm-2.15.so
b6d26000-b6d27000 r--p 00029000 08:01 3283851    /lib/i386-linux-gnu/libm-2.15.so
b6d27000-b6d28000 rw-p 0002a000 08:01 3283851    /lib/i386-linux-gnu/libm-2.15.so
b6d28000-b6e58000 r-xp 00000000 08:01 395287     /usr/lib/i386-linux-gnu/libX11.so.6.3.0
b6e58000-b6e59000 r--p 0012f000 08:01 395287     /usr/lib/i386-linux-gnu/libX11.so.6.3.0
b6e59000-b6e5b000 rw-p 00130000 08:01 395287     /usr/lib/i386-linux-gnu/libX11.so.6.3.0
b6e5b000-b6e5c000 rw-p 00000000 00:00 0 
b6e5c000-b6f23000 r-xp 00000000 08:01 397851     /usr/lib/i386-linux-gnu/libcairo.so.2.11000.2
b6f23000-b6f24000 r--p 000c7000 08:01 397851     /usr/lib/i386-linux-gnu/libcairo.so.2.11000.2
b6f24000-b6f25000 rw-p 000c8000 08:01 397851     /usr/lib/i386-linux-gnu/libcairo.so.2.11000.2
b6f25000-b6f27000 rw-p 00000000 00:00 0 
b6f27000-b6f2b000 r-xp 00000000 08:01 397765     /usr/lib/i386-linux-gnu/libXfixes.so.3.1.0
b6f2b000-b6f2c000 r--p 00004000 08:01 397765     /usr/lib/i386-linux-gnu/libXfixes.so.3.1.0
b6f2c000-b6f2d000 rw-p 00005000 08:01 397765     /usr/lib/i386-linux-gnu/libXfixes.so.3.1.0
b6f2d000-b6f2f000 r-xp 00000000 08:01 397759     /usr/lib/i386-linux-gnu/libXdamage.so.1.1.0
b6f2f000-b6f30000 r--p 00001000 08:01 397759     /usr/lib/i386-linux-gnu/libXdamage.so.1.1.0
b6f30000-b6f31000 rw-p 00002000 08:01 397759     /usr/lib/i386-linux-gnu/libXdamage.so.1.1.0
b6f31000-b6f3a000 r-xp 00000000 08:01 397757     /usr/lib/i386-linux-gnu/libXcursor.so.1.0.2
b6f3a000-b6f3b000 r--p 00008000 08:01 397757     /usr/lib/i386-linux-gnu/libXcursor.so.1.0.2
b6f3b000-b6f3c000 rw-p 00009000 08:01 397757     /usr/lib/i386-linux-gnu/libXcursor.so.1.0.2
b6f3c000-b6f43000 r-xp 00000000 08:01 397781     /usr/lib/i386-linux-gnu/libXrandr.so.2.2.0
b6f43000-b6f44000 r--p 00006000 08:01 397781     /usr/lib/i386-linux-gnu/libXrandr.so.2.2.0
b6f44000-b6f45000 rw-p 00007000 08:01 397781     /usr/lib/i386-linux-gnu/libXrandr.so.2.2.0
b6f45000-b6f53000 r-xp 00000000 08:01 397769     /usr/lib/i386-linux-gnu/libXi.so.6.1.0
b6f53000-b6f54000 r--p 0000d000 08:01 397769     /usr/lib/i386-linux-gnu/libXi.so.6.1.0
b6f54000-b6f55000 rw-p 0000e000 08:01 397769     /usr/lib/i386-linux-gnu/libXi.so.6.1.0
b6f55000-b6f5d000 r-xp 00000000 08:01 397785     /usr/lib/i386-linux-gnu/libXrender.so.1.3.0
b6f5d000-b6f5e000 r--p 00007000 08:01 397785     /usr/lib/i386-linux-gnu/libXrender.so.1.3.0
b6f5e000-b6f5f000 rw-p 00008000 08:01 397785     /usr/lib/i386-linux-gnu/libXrender.so.1.3.0
b6f5f000-b6f6f000 r-xp 00000000 08:01 397763     /usr/lib/i386-linux-gnu/libXext.so.6.4.0
b6f6f000-b6f70000 r--p 0000f000 08:01 397763     /usr/lib/i386-linux-gnu/libXext.so.6.4.0
b6f70000-b6f71000 rw-p 00010000 08:01 397763     /usr/lib/i386-linux-gnu/libXext.so.6.4.0
b6f71000-b6fa3000 r-xp 00000000 08:01 397945     /usr/lib/i386-linux-gnu/libfontconfig.so.1.4.4
b6fa3000-b6fa4000 r--p 00032000 08:01 397945     /usr/lib/i386-linux-gnu/libfontconfig.so.1.4.4
b6fa4000-b6fa5000 rw-p 00033000 08:01 397945     /usr/lib/i386-linux-gnu/libfontconfig.so.1.4.4
b6fa5000-b70f8000 r-xp 00000000 08:01 395745     /usr/lib/i386-linux-gnu/libgio-2.0.so.0.3200.4
b70f8000-b70fa000 r--p 00153000 08:01 395745     /usr/lib/i386-linux-gnu/libgio-2.0.so.0.3200.4
b70fa000-b70fb000 rw-p 00155000 08:01 395745     /usr/lib/i386-linux-gnu/libgio-2.0.so.0.3200.4
b70fb000-b70fc000 rw-p 00000000 00:00 0 
b70fc000-b711b000 r-xp 00000000 08:01 397974     /usr/lib/i386-linux-gnu/libgdk_pixbuf-2.0.so.0.2600.1
b711b000-b711c000 r--p 0001e000 08:01 397974     /usr/lib/i386-linux-gnu/libgdk_pixbuf-2.0.so.0.2600.1
b711c000-b711d000 rw-p 0001f000 08:01 397974     /usr/lib/i386-linux-gnu/libgdk_pixbuf-2.0.so.0.2600.1
b711d000-b7164000 r-xp 00000000 08:01 398188     /usr/lib/i386-linux-gnu/libpango-1.0.so.0.3000.0
b7164000-b7165000 ---p 00047000 08:01 398188     /usr/lib/i386-linux-gnu/libpango-1.0.so.0.3000.0
b7165000-b7166000 r--p 00047000 08:01 398188     /usr/lib/i386-linux-gnu/libpango-1.0.so.0.3000.0
b7166000-b7167000 rw-p 00048000 08:01 398188     /usr/lib/i386-linux-gnu/libpango-1.0.so.0.3000.0
b7167000-b7172000 r-xp 00000000 08:01 398190     /usr/lib/i386-linux-gnu/libpangocairo-1.0.so.0.3000.0
b7172000-b7173000 r--p 0000a000 08:01 398190     /usr/lib/i386-linux-gnu/libpangocairo-1.0.so.0.3000.0
b7173000-b7174000 rw-p 0000b000 08:01 398190     /usr/lib/i386-linux-gnu/libpangocairo-1.0.so.0.3000.0
b7174000-b721f000 r-xp 00000000 08:01 397972     /usr/lib/i386-linux-gnu/libgdk-x11-2.0.so.0.2400.10
b721f000-b7220000 ---p 000ab000 08:01 397972     /usr/lib/i386-linux-gnu/libgdk-x11-2.0.so.0.2400.10
b7220000-b7222000 r--p 000ab000 08:01 397972     /usr/lib/i386-linux-gnu/libgdk-x11-2.0.so.0.2400.10
b7222000-b7223000 rw-p 000ad000 08:01 397972     /usr/lib/i386-linux-gnu/libgdk-x11-2.0.so.0.2400.10
b7223000-b722a000 r-xp 00000000 08:01 3277883    /lib/i386-linux-gnu/librt-2.15.so
b722a000-b722b000 r--p 00006000 08:01 3277883    /lib/i386-linux-gnu/librt-2.15.so
b722b000-b722c000 rw-p 00007000 08:01 3277883    /lib/i386-linux-gnu/librt-2.15.so
b722c000-b7266000 r-xp 00000000 08:01 3277771    /lib/i386-linux-gnu/libpcre.so.3.12.1
b7266000-b7267000 r--p 00039000 08:01 3277771    /lib/i386-linux-gnu/libpcre.so.3.12.1
b7267000-b7268000 rw-p 0003a000 08:01 3277771    /lib/i386-linux-gnu/libpcre.so.3.12.1
b7268000-b735f000 r-xp 00000000 08:01 3276825    /lib/i386-linux-gnu/libglib-2.0.so.0.3200.4
b735f000-b7360000 r--p 000f6000 08:01 3276825    /lib/i386-linux-gnu/libglib-2.0.so.0.3200.4
b7360000-b7361000 rw-p 000f7000 08:01 3276825    /lib/i386-linux-gnu/libglib-2.0.so.0.3200.4
b7361000-b73ae000 r-xp 00000000 08:01 395744     /usr/lib/i386-linux-gnu/libgobject-2.0.so.0.3200.4
b73ae000-b73af000 r--p 0004c000 08:01 395744     /usr/lib/i386-linux-gnu/libgobject-2.0.so.0.3200.4
b73af000-b73b0000 rw-p 0004d000 08:01 395744     /usr/lib/i386-linux-gnu/libgobject-2.0.so.0.3200.4
b73b0000-b73b3000 r--s 00031000 08:01 396748     /usr/lib/jvm/java-6-openjdk-common/jre/lib/ext/sunjce_provider.jar
b73b3000-b73b4000 rw-p 00000000 00:00 0 
b73b4000-b73b5000 r--p 00000000 00:00 0 
b73b5000-b73b6000 r--p 00000000 08:01 2365831    /home/justin/.config/dconf/user
b73b6000-b73b7000 r--s 00000000 08:01 2359720    /home/justin/.cache/dconf/user
b73b7000-b73be000 r-xp 00000000 08:01 398705     /usr/lib/i386-linux-gnu/gio/modules/libdconfsettings.so
b73be000-b73bf000 r--p 00006000 08:01 398705     /usr/lib/i386-linux-gnu/gio/modules/libdconfsettings.so
b73bf000-b73c0000 rw-p 00007000 08:01 398705     /usr/lib/i386-linux-gnu/gio/modules/libdconfsettings.so
b73c0000-b73ce000 r-xp 00000000 08:01 529727     /usr/lib/eclipse/plugins/org.eclipse.equinox.launcher.gtk.linux.x86_1.1.100.dist/eclipse_1408.so
b73ce000-b73cf000 r--p 0000d000 08:01 529727     /usr/lib/eclipse/plugins/org.eclipse.equinox.launcher.gtk.linux.x86_1.1.100.dist/eclipse_1408.so
b73cf000-b73d0000 rw-p 0000e000 08:01 529727     /usr/lib/eclipse/plugins/org.eclipse.equinox.launcher.gtk.linux.x86_1.1.100.dist/eclipse_1408.so
b73d0000-b75d0000 r--p 00000000 08:01 400751     /usr/lib/locale/locale-archive
b75d0000-b75d1000 rw-p 00000000 00:00 0 
b75d1000-b7775000 r-xp 00000000 08:01 3283856    /lib/i386-linux-gnu/libc-2.15.so
b7775000-b7777000 r--p 001a4000 08:01 3283856    /lib/i386-linux-gnu/libc-2.15.so
b7777000-b7778000 rw-p 001a6000 08:01 3283856    /lib/i386-linux-gnu/libc-2.15.so
b7778000-b777c000 rw-p 00000000 00:00 0 
b777c000-b777f000 r-xp 00000000 08:01 3283855    /lib/i386-linux-gnu/libdl-2.15.so
b777f000-b7780000 r--p 00002000 08:01 3283855    /lib/i386-linux-gnu/libdl-2.15.so
b7780000-b7781000 rw-p 00003000 08:01 3283855    /lib/i386-linux-gnu/libdl-2.15.so
b7781000-b7798000 r-xp 00000000 08:01 3277881    /lib/i386-linux-gnu/libpthread-2.15.so
b7798000-b7799000 r--p 00016000 08:01 3277881    /lib/i386-linux-gnu/libpthread-2.15.so
b7799000-b779a000 rw-p 00017000 08:01 3277881    /lib/i386-linux-gnu/libpthread-2.15.so
b779a000-b779c000 rw-p 00000000 00:00 0 
b779c000-b779e000 r-xp 00000000 08:01 397755     /usr/lib/i386-linux-gnu/libXcomposite.so.1.0.0
b779e000-b779f000 r--p 00001000 08:01 397755     /usr/lib/i386-linux-gnu/libXcomposite.so.1.0.0
b779f000-b77a0000 rw-p 00002000 08:01 397755     /usr/lib/i386-linux-gnu/libXcomposite.so.1.0.0
b77a0000-b77a2000 r-xp 00000000 08:01 397771     /usr/lib/i386-linux-gnu/libXinerama.so.1.0.0
b77a2000-b77a3000 r--p 00001000 08:01 397771     /usr/lib/i386-linux-gnu/libXinerama.so.1.0.0
b77a3000-b77a4000 rw-p 00002000 08:01 397771     /usr/lib/i386-linux-gnu/libXinerama.so.1.0.0
b77a4000-b77a9000 r-xp 00000000 08:01 397943     /usr/lib/i386-linux-gnu/libffi.so.6.0.0
b77a9000-b77aa000 r--p 00004000 08:01 397943     /usr/lib/i386-linux-gnu/libffi.so.6.0.0
b77aa000-b77ab000 rw-p 00005000 08:01 397943     /usr/lib/i386-linux-gnu/libffi.so.6.0.0
b77ab000-b77ac000 r--p 005e0000 08:01 400751     /usr/lib/locale/locale-archive
b77ac000-b77ae000 rw-p 00000000 00:00 0 
b77ae000-b77af000 r-xp 00000000 00:00 0          [vdso]
b77af000-b77cf000 r-xp 00000000 08:01 3277882    /lib/i386-linux-gnu/ld-2.15.so
b77cf000-b77d0000 r--p 0001f000 08:01 3277882    /lib/i386-linux-gnu/ld-2.15.so
b77d0000-b77d1000 rw-p 00020000 08:01 3277882    /lib/i386-linux-gnu/ld-2.15.so
bff0e000-bff11000 ---p 00000000 00:00 0 
bff12000-bff5e000 rw-p 00000000 00:00 0          [stack]

VM Arguments:
jvm_args: -Xms40m -Xmx384m -Dorg.eclipse.equinox.p2.reconciler.dropins.directory=/usr/share/eclipse/dropins -XX:MaxPermSize=256m 
java_command: <unknown>
Launcher Type: generic

Environment Variables:
PATH=/usr/lib/lightdm/lightdm:/usr/local/sbin:/usr/local/bin:/usr/sbin:/usr/bin:/sbin:/bin:/usr/games
LD_LIBRARY_PATH=/usr/lib/jvm/java-6-openjdk-i386/jre/lib/i386/client:/usr/lib/jvm/java-6-openjdk-i386/jre/lib/i386:
SHELL=/bin/bash
DISPLAY=:0

Signal Handlers:
SIGSEGV: [libjvm.so+0x3e8020], sa_mask[0]=0x7ffbfeff, sa_flags=0x10000004
SIGBUS: [libjvm.so+0x3e8020], sa_mask[0]=0x7ffbfeff, sa_flags=0x10000004
SIGFPE: [libjvm.so+0x304080], sa_mask[0]=0x7ffbfeff, sa_flags=0x10000004
SIGPIPE: SIG_IGN, sa_mask[0]=0x00001000, sa_flags=0x10000000
SIGXFSZ: [libjvm.so+0x304080], sa_mask[0]=0x7ffbfeff, sa_flags=0x10000004
SIGILL: [libjvm.so+0x304080], sa_mask[0]=0x7ffbfeff, sa_flags=0x10000004
SIGUSR1: SIG_DFL, sa_mask[0]=0x00000000, sa_flags=0x00000000
SIGUSR2: [libjvm.so+0x303f10], sa_mask[0]=0x00000000, sa_flags=0x10000004
SIGHUP: [libjvm.so+0x306ea0], sa_mask[0]=0x7ffbfeff, sa_flags=0x10000004
SIGINT: [libjvm.so+0x306ea0], sa_mask[0]=0x7ffbfeff, sa_flags=0x10000004
SIGTERM: [libjvm.so+0x306ea0], sa_mask[0]=0x7ffbfeff, sa_flags=0x10000004
SIGQUIT: [libjvm.so+0x306ea0], sa_mask[0]=0x7ffbfeff, sa_flags=0x10000004


---------------  S Y S T E M  ---------------

OS:Ubuntu 12.04 (precise)
uname:Linux 3.8.0-34-generic #49~precise1-Ubuntu SMP Wed Nov 13 18:08:04 UTC 2013 i686
libc:glibc 2.15 NPTL 2.15 
rlimit: STACK 8192k, CORE 0k, NPROC 31382, NOFILE 4096, AS infinity
load average:0.74 0.78 0.50

/proc/meminfo:
MemTotal:        4033496 kB
MemFree:         3016472 kB
Buffers:           44928 kB
Cached:           464248 kB
SwapCached:            0 kB
Active:           550156 kB
Inactive:         380728 kB
Active(anon):     422460 kB
Inactive(anon):     1600 kB
Active(file):     127696 kB
Inactive(file):   379128 kB
Unevictable:           0 kB
Mlocked:               0 kB
HighTotal:       3182472 kB
HighFree:        2267724 kB
LowTotal:         851024 kB
LowFree:          748748 kB
SwapTotal:       4092924 kB
SwapFree:        4092924 kB
Dirty:               420 kB
Writeback:             0 kB
AnonPages:        421900 kB
Mapped:           151708 kB
Shmem:              2348 kB
Slab:              34208 kB
SReclaimable:      17480 kB
SUnreclaim:        16728 kB
KernelStack:        3520 kB
PageTables:         7948 kB
NFS_Unstable:          0 kB
Bounce:                0 kB
WritebackTmp:          0 kB
CommitLimit:     6109672 kB
Committed_AS:    2466440 kB
VmallocTotal:     122880 kB
VmallocUsed:       22860 kB
VmallocChunk:      83408 kB
HardwareCorrupted:     0 kB
AnonHugePages:         0 kB
HugePages_Total:       0
HugePages_Free:        0
HugePages_Rsvd:        0
HugePages_Surp:        0
Hugepagesize:       2048 kB
DirectMap4k:       10232 kB
DirectMap2M:      903168 kB


CPU:total 4 (4 cores per cpu, 1 threads per core) family 6 model 60 stepping 3, cmov, cx8, fxsr, mmx, sse, sse2, sse3, ssse3, sse4.1, sse4.2, popcnt

Memory: 4k page, physical 4033496k(3016472k free), swap 4092924k(4092924k free)

vm_info: OpenJDK Client VM (20.0-b12) for linux-x86 JRE (1.6.0_27-b27), built on Nov 16 2013 15:23:20 by "buildd" with gcc 4.6.3

time: Tue Dec 10 14:26:12 2013
elapsed time: 28 seconds

